<?xml version="1.0" encoding="UTF-8"?>
<!-- Generated by org.testng.reporters.JUnitXMLReporter -->
<testsuite hostname="Mhiremath-L" name="Test" tests="2" failures="1" timestamp="14 Feb 2020 13:35:49 GMT" time="8.819" errors="0">
  <testcase name="testapi" time="4.773" classname="com.api.testng.UsersApi.GetAPI"/>
  <testcase name="numberpost" time="4.033" classname="com.api.testng.UsersApi.PostAPI">
    <failure type="java.lang.AssertionError" message="expected [Succcess] but found [DB returned 23505]">
      <![CDATA[java.lang.AssertionError: expected [Succcess] but found [DB returned 23505]
	at com.api.testng.UsersApi.PostAPI.numberpost(PostAPI.java:40)
... Removed 29 stack frames]]>
    </failure>
  </testcase> <!-- numberpost -->
</testsuite> <!-- Test -->
