<?xml version="1.0" encoding="UTF-8"?>
<testng-results skipped="0" failed="0" total="1" passed="1">
  <reporter-output>
  </reporter-output>
  <suite name="Default suite" duration-ms="4649" started-at="2020-02-13T17:17:36Z" finished-at="2020-02-13T17:17:41Z">
    <groups>
    </groups>
    <test name="Default test" duration-ms="4649" started-at="2020-02-13T17:17:36Z" finished-at="2020-02-13T17:17:41Z">
      <class name="com.api.testng.UsersApi.PostAPI">
        <test-method status="PASS" signature="numberpost()[pri:0, instance:com.api.testng.UsersApi.PostAPI@6d8a00e3]" name="numberpost" duration-ms="4639" started-at="2020-02-13T22:47:37Z" finished-at="2020-02-13T22:47:41Z">
          <reporter-output>
          </reporter-output>
        </test-method> <!-- numberpost -->
      </class> <!-- com.api.testng.UsersApi.PostAPI -->
    </test> <!-- Default test -->
  </suite> <!-- Default suite -->
</testng-results>
