<?xml version="1.0" encoding="UTF-8"?>
<testng-results skipped="0" failed="0" ignored="0" total="1" passed="1">
  <reporter-output>
  </reporter-output>
  <suite name="Suite" duration-ms="58" started-at="2020-02-12T04:38:31Z" finished-at="2020-02-12T04:38:31Z">
    <groups>
    </groups>
    <test name="Test" duration-ms="58" started-at="2020-02-12T04:38:31Z" finished-at="2020-02-12T04:38:31Z">
      <class name="com.api.testng.UsersApi.AppTest">
        <test-method status="PASS" signature="exampleOfTestNgMaven()[pri:0, instance:com.api.testng.UsersApi.AppTest@6d00a15d]" name="exampleOfTestNgMaven" duration-ms="18" started-at="2020-02-12T04:38:31Z" finished-at="2020-02-12T04:38:31Z">
          <reporter-output>
          </reporter-output>
        </test-method> <!-- exampleOfTestNgMaven -->
      </class> <!-- com.api.testng.UsersApi.AppTest -->
    </test> <!-- Test -->
  </suite> <!-- Suite -->
</testng-results>
